<?xml version="1.0" encoding="UTF-8"?>
<!-- Generated by org.testng.reporters.JUnitReportReporter -->
<testsuite hostname="Prajwal" failures="0" tests="1" name="testCases.VerifyAddToCart" time="8.916" errors="0" timestamp="2023-06-23T19:33:16 IST" skipped="0">
  <testcase classname="testCases.VerifyAddToCart" name="addToCart" time="8.916"/>
  <system-out/>
</testsuite> <!-- testCases.VerifyAddToCart -->
